<?xml version="1.0" encoding="UTF-8"?>
<testng-results skipped="0" failed="1" ignored="0" total="4" passed="3">
  <reporter-output>
  </reporter-output>
  <suite name="Default suite" duration-ms="24428" started-at="2019-04-14T03:36:23Z" finished-at="2019-04-14T03:36:47Z">
    <groups>
    </groups>
    <test name="Default test" duration-ms="24428" started-at="2019-04-14T03:36:23Z" finished-at="2019-04-14T03:36:47Z">
      <class name="ExtentReportScreenshot.SpreeTest">
        <test-method status="PASS" signature="setExtent()[pri:0, instance:ExtentReportScreenshot.SpreeTest@5442a311]" name="setExtent" is-config="true" duration-ms="113" started-at="2019-04-14T03:36:23Z" finished-at="2019-04-14T03:36:23Z">
          <reporter-output>
          </reporter-output>
        </test-method> <!-- setExtent -->
        <test-method status="PASS" signature="setUp()[pri:0, instance:ExtentReportScreenshot.SpreeTest@5442a311]" name="setUp" is-config="true" duration-ms="4728" started-at="2019-04-14T03:36:23Z" finished-at="2019-04-14T03:36:28Z">
          <reporter-output>
          </reporter-output>
        </test-method> <!-- setUp -->
        <test-method status="PASS" signature="spreeTitleTest()[pri:0, instance:ExtentReportScreenshot.SpreeTest@5442a311]" name="spreeTitleTest" duration-ms="16" started-at="2019-04-14T03:36:28Z" finished-at="2019-04-14T03:36:28Z">
          <reporter-output>
          </reporter-output>
        </test-method> <!-- spreeTitleTest -->
        <test-method status="PASS" signature="tearDown(org.testng.ITestResult)[pri:0, instance:ExtentReportScreenshot.SpreeTest@5442a311]" name="tearDown" is-config="true" duration-ms="79" started-at="2019-04-14T03:36:28Z" finished-at="2019-04-14T03:36:28Z">
          <params>
            <param index="0">
              <value>
                <![CDATA[[TestResult name=spreeTitleTest status=SUCCESS method=SpreeTest.spreeTitleTest()[pri:0, instance:ExtentReportScreenshot.SpreeTest@5442a311] output={null}]]]>
              </value>
            </param>
          </params>
          <reporter-output>
          </reporter-output>
        </test-method> <!-- tearDown -->
        <test-method status="PASS" signature="setUp()[pri:0, instance:ExtentReportScreenshot.SpreeTest@5442a311]" name="setUp" is-config="true" duration-ms="3592" started-at="2019-04-14T03:36:28Z" finished-at="2019-04-14T03:36:31Z">
          <reporter-output>
          </reporter-output>
        </test-method> <!-- setUp -->
        <test-method status="PASS" signature="test1()[pri:1, instance:ExtentReportScreenshot.SpreeTest@5442a311]" name="test1" duration-ms="4278" started-at="2019-04-14T03:36:31Z" description="Valid user with valid password" finished-at="2019-04-14T03:36:36Z">
          <reporter-output>
          </reporter-output>
        </test-method> <!-- test1 -->
        <test-method status="PASS" signature="tearDown(org.testng.ITestResult)[pri:0, instance:ExtentReportScreenshot.SpreeTest@5442a311]" name="tearDown" is-config="true" duration-ms="77" started-at="2019-04-14T03:36:36Z" finished-at="2019-04-14T03:36:36Z">
          <params>
            <param index="0">
              <value>
                <![CDATA[[TestResult name=test1 status=SUCCESS method=SpreeTest.test1()[pri:1, instance:ExtentReportScreenshot.SpreeTest@5442a311] output={null}]]]>
              </value>
            </param>
          </params>
          <reporter-output>
          </reporter-output>
        </test-method> <!-- tearDown -->
        <test-method status="PASS" signature="setUp()[pri:0, instance:ExtentReportScreenshot.SpreeTest@5442a311]" name="setUp" is-config="true" duration-ms="2927" started-at="2019-04-14T03:36:36Z" finished-at="2019-04-14T03:36:39Z">
          <reporter-output>
          </reporter-output>
        </test-method> <!-- setUp -->
        <test-method status="PASS" signature="test2()[pri:2, instance:ExtentReportScreenshot.SpreeTest@5442a311]" name="test2" duration-ms="2417" started-at="2019-04-14T03:36:39Z" description="Valid user with invalid password" finished-at="2019-04-14T03:36:41Z">
          <reporter-output>
          </reporter-output>
        </test-method> <!-- test2 -->
        <test-method status="PASS" signature="tearDown(org.testng.ITestResult)[pri:0, instance:ExtentReportScreenshot.SpreeTest@5442a311]" name="tearDown" is-config="true" duration-ms="77" started-at="2019-04-14T03:36:41Z" finished-at="2019-04-14T03:36:41Z">
          <params>
            <param index="0">
              <value>
                <![CDATA[[TestResult name=test2 status=SUCCESS method=SpreeTest.test2()[pri:2, instance:ExtentReportScreenshot.SpreeTest@5442a311] output={null}]]]>
              </value>
            </param>
          </params>
          <reporter-output>
          </reporter-output>
        </test-method> <!-- tearDown -->
        <test-method status="PASS" signature="setUp()[pri:0, instance:ExtentReportScreenshot.SpreeTest@5442a311]" name="setUp" is-config="true" duration-ms="2725" started-at="2019-04-14T03:36:41Z" finished-at="2019-04-14T03:36:44Z">
          <reporter-output>
          </reporter-output>
        </test-method> <!-- setUp -->
        <test-method status="FAIL" signature="test3()[pri:3, instance:ExtentReportScreenshot.SpreeTest@5442a311]" name="test3" duration-ms="2424" started-at="2019-04-14T03:36:44Z" description="Invalid user with valid password" finished-at="2019-04-14T03:36:46Z">
          <exception class="java.lang.AssertionError">
            <message>
              <![CDATA[expected [Invalid email or passwordx.] but found [Invalid email or password.]]]>
            </message>
            <full-stacktrace>
              <![CDATA[java.lang.AssertionError: expected [Invalid email or passwordx.] but found [Invalid email or password.]
at org.testng.Assert.fail(Assert.java:96)
at org.testng.Assert.failNotEquals(Assert.java:776)
at org.testng.Assert.assertEqualsImpl(Assert.java:137)
at org.testng.Assert.assertEquals(Assert.java:118)
at org.testng.Assert.assertEquals(Assert.java:453)
at org.testng.Assert.assertEquals(Assert.java:463)
at ExtentReportScreenshot.SpreeTest.test3(SpreeTest.java:162)
at sun.reflect.NativeMethodAccessorImpl.invoke0(Native Method)
at sun.reflect.NativeMethodAccessorImpl.invoke(NativeMethodAccessorImpl.java:62)
at sun.reflect.DelegatingMethodAccessorImpl.invoke(DelegatingMethodAccessorImpl.java:43)
at java.lang.reflect.Method.invoke(Method.java:498)
at org.testng.internal.MethodInvocationHelper.invokeMethod(MethodInvocationHelper.java:124)
at org.testng.internal.Invoker.invokeMethod(Invoker.java:583)
at org.testng.internal.Invoker.invokeTestMethod(Invoker.java:719)
at org.testng.internal.Invoker.invokeTestMethods(Invoker.java:989)
at org.testng.internal.TestMethodWorker.invokeTestMethods(TestMethodWorker.java:125)
at org.testng.internal.TestMethodWorker.run(TestMethodWorker.java:109)
at org.testng.TestRunner.privateRun(TestRunner.java:648)
at org.testng.TestRunner.run(TestRunner.java:505)
at org.testng.SuiteRunner.runTest(SuiteRunner.java:455)
at org.testng.SuiteRunner.runSequentially(SuiteRunner.java:450)
at org.testng.SuiteRunner.privateRun(SuiteRunner.java:415)
at org.testng.SuiteRunner.run(SuiteRunner.java:364)
at org.testng.SuiteRunnerWorker.runSuite(SuiteRunnerWorker.java:52)
at org.testng.SuiteRunnerWorker.run(SuiteRunnerWorker.java:84)
at org.testng.TestNG.runSuitesSequentially(TestNG.java:1208)
at org.testng.TestNG.runSuitesLocally(TestNG.java:1137)
at org.testng.TestNG.runSuites(TestNG.java:1049)
at org.testng.TestNG.run(TestNG.java:1017)
at org.testng.remote.AbstractRemoteTestNG.run(AbstractRemoteTestNG.java:114)
at org.testng.remote.RemoteTestNG.initAndRun(RemoteTestNG.java:251)
at org.testng.remote.RemoteTestNG.main(RemoteTestNG.java:77)
]]>
            </full-stacktrace>
          </exception> <!-- java.lang.AssertionError -->
          <reporter-output>
          </reporter-output>
        </test-method> <!-- test3 -->
        <test-method status="PASS" signature="tearDown(org.testng.ITestResult)[pri:0, instance:ExtentReportScreenshot.SpreeTest@5442a311]" name="tearDown" is-config="true" duration-ms="762" started-at="2019-04-14T03:36:46Z" finished-at="2019-04-14T03:36:47Z">
          <params>
            <param index="0">
              <value>
                <![CDATA[[TestResult name=test3 status=FAILURE method=SpreeTest.test3()[pri:3, instance:ExtentReportScreenshot.SpreeTest@5442a311] output={null}]]]>
              </value>
            </param>
          </params>
          <reporter-output>
          </reporter-output>
        </test-method> <!-- tearDown -->
        <test-method status="PASS" signature="endReport()[pri:0, instance:ExtentReportScreenshot.SpreeTest@5442a311]" name="endReport" is-config="true" duration-ms="191" started-at="2019-04-14T03:36:47Z" finished-at="2019-04-14T03:36:47Z">
          <reporter-output>
          </reporter-output>
        </test-method> <!-- endReport -->
      </class> <!-- ExtentReportScreenshot.SpreeTest -->
    </test> <!-- Default test -->
  </suite> <!-- Default suite -->
</testng-results>
